# JRE version: Java(TM) SE Runtime Environment (8.0_101-b13) (build 1.8.0_101-b13)
# Java VM: Java HotSpot(TM) 64-Bit Server VM (25.101-b13 mixed mode linux-amd64 compressed oops)
Heap:
 PSYoungGen      total 308736K, used 209724K [0x000000076cf00000, 0x0000000782180000, 0x00000007c0000000)
  eden space 289280K, 72% used [0x000000076cf00000,0x0000000779bcf3f8,0x000000077e980000)
  from space 19456K, 0% used [0x000000077fd80000,0x000000077fd80000,0x0000000781080000)
  to   space 20480K, 0% used [0x000000077e980000,0x000000077e980000,0x000000077fd80000)
 ParOldGen       total 287232K, used 18164K [0x00000006c6c00000, 0x00000006d8480000, 0x000000076cf00000)
  object space 287232K, 6% used [0x00000006c6c00000,0x00000006c7dbd268,0x00000006d8480000)
 Metaspace       used 57192K, capacity 60616K, committed 60800K, reserved 1101824K
  class space    used 7923K, capacity 8517K, committed 8576K, reserved 1048576K
GC Heap History (10 events):
Event: 5,603 GC heap before
{Heap before GC invocations=8 (full 2):
 PSYoungGen      total 260608K, used 250368K [0x000000076cf00000, 0x000000077de80000, 0x00000007c0000000)
  eden space 250368K, 100% used [0x000000076cf00000,0x000000077c380000,0x000000077c380000)
  from space 10240K, 0% used [0x000000077c900000,0x000000077c900000,0x000000077d300000)
  to   space 11776K, 0% used [0x000000077d300000,0x000000077d300000,0x000000077de80000)
 ParOldGen       total 197120K, used 18036K [0x00000006c6c00000, 0x00000006d2c80000, 0x000000076cf00000)
  object space 197120K, 9% used [0x00000006c6c00000,0x00000006c7d9d1b8,0x00000006d2c80000)
 Metaspace       used 51478K, capacity 54190K, committed 54272K, reserved 1095680K
  class space    used 7152K, capacity 7641K, committed 7680K, reserved 1048576K
Event: 5,620 GC heap after
Heap after GC invocations=8 (full 2):
 PSYoungGen      total 258048K, used 11755K [0x000000076cf00000, 0x0000000782100000, 0x00000007c0000000)
  eden space 246272K, 0% used [0x000000076cf00000,0x000000076cf00000,0x000000077bf80000)
  from space 11776K, 99% used [0x000000077d300000,0x000000077de7ae88,0x000000077de80000)
  to   space 19968K, 0% used [0x000000077bf80000,0x000000077bf80000,0x000000077d300000)
 ParOldGen       total 197120K, used 27426K [0x00000006c6c00000, 0x00000006d2c80000, 0x000000076cf00000)
  object space 197120K, 13% used [0x00000006c6c00000,0x00000006c86c88e0,0x00000006d2c80000)
 Metaspace       used 51478K, capacity 54190K, committed 54272K, reserved 1095680K
  class space    used 7152K, capacity 7641K, committed 7680K, reserved 1048576K
}
Event: 86,951 GC heap before
{Heap before GC invocations=9 (full 2):
 PSYoungGen      total 258048K, used 105065K [0x000000076cf00000, 0x0000000782100000, 0x00000007c0000000)
  eden space 246272K, 37% used [0x000000076cf00000,0x0000000772a1f5e8,0x000000077bf80000)
  from space 11776K, 99% used [0x000000077d300000,0x000000077de7ae88,0x000000077de80000)
  to   space 19968K, 0% used [0x000000077bf80000,0x000000077bf80000,0x000000077d300000)
 ParOldGen       total 197120K, used 27426K [0x00000006c6c00000, 0x00000006d2c80000, 0x000000076cf00000)
  object space 197120K, 13% used [0x00000006c6c00000,0x00000006c86c88e0,0x00000006d2c80000)
 Metaspace       used 55963K, capacity 59104K, committed 59160K, reserved 1099776K
  class space    used 7747K, capacity 8316K, committed 8320K, reserved 1048576K
Event: 86,977 GC heap after
Heap after GC invocations=9 (full 2):
 PSYoungGen      total 266240K, used 12434K [0x000000076cf00000, 0x0000000781080000, 0x00000007c0000000)
  eden space 246272K, 0% used [0x000000076cf00000,0x000000076cf00000,0x000000077bf80000)
  from space 19968K, 62% used [0x000000077bf80000,0x000000077cba4a50,0x000000077d300000)
  to   space 19456K, 0% used [0x000000077fd80000,0x000000077fd80000,0x0000000781080000)
 ParOldGen       total 197120K, used 27434K [0x00000006c6c00000, 0x00000006d2c80000, 0x000000076cf00000)
  object space 197120K, 13% used [0x00000006c6c00000,0x00000006c86ca8e0,0x00000006d2c80000)
 Metaspace       used 55963K, capacity 59104K, committed 59160K, reserved 1099776K
  class space    used 7747K, capacity 8316K, committed 8320K, reserved 1048576K
}
Event: 86,977 GC heap before
{Heap before GC invocations=10 (full 3):
 PSYoungGen      total 266240K, used 12434K [0x000000076cf00000, 0x0000000781080000, 0x00000007c0000000)
  eden space 246272K, 0% used [0x000000076cf00000,0x000000076cf00000,0x000000077bf80000)
  from space 19968K, 62% used [0x000000077bf80000,0x000000077cba4a50,0x000000077d300000)
  to   space 19456K, 0% used [0x000000077fd80000,0x000000077fd80000,0x0000000781080000)
 ParOldGen       total 197120K, used 27434K [0x00000006c6c00000, 0x00000006d2c80000, 0x000000076cf00000)
  object space 197120K, 13% used [0x00000006c6c00000,0x00000006c86ca8e0,0x00000006d2c80000)
 Metaspace       used 55963K, capacity 59104K, committed 59160K, reserved 1099776K
  class space    used 7747K, capacity 8316K, committed 8320K, reserved 1048576K
Event: 87,117 GC heap after
Heap after GC invocations=10 (full 3):
 PSYoungGen      total 266240K, used 0K [0x000000076cf00000, 0x0000000781080000, 0x00000007c0000000)
  eden space 246272K, 0% used [0x000000076cf00000,0x000000076cf00000,0x000000077bf80000)
  from space 19968K, 0% used [0x000000077bf80000,0x000000077bf80000,0x000000077d300000)
  to   space 19456K, 0% used [0x000000077fd80000,0x000000077fd80000,0x0000000781080000)
 ParOldGen       total 287232K, used 22713K [0x00000006c6c00000, 0x00000006d8480000, 0x000000076cf00000)
  object space 287232K, 7% used [0x00000006c6c00000,0x00000006c822e570,0x00000006d8480000)
 Metaspace       used 55959K, capacity 59098K, committed 59160K, reserved 1099776K
  class space    used 7747K, capacity 8315K, committed 8320K, reserved 1048576K
}
Event: 335,193 GC heap before
{Heap before GC invocations=11 (full 3):
 PSYoungGen      total 266240K, used 105408K [0x000000076cf00000, 0x0000000781080000, 0x00000007c0000000)
  eden space 246272K, 42% used [0x000000076cf00000,0x00000007735f0180,0x000000077bf80000)
  from space 19968K, 0% used [0x000000077bf80000,0x000000077bf80000,0x000000077d300000)
  to   space 19456K, 0% used [0x000000077fd80000,0x000000077fd80000,0x0000000781080000)
 ParOldGen       total 287232K, used 22713K [0x00000006c6c00000, 0x00000006d8480000, 0x000000076cf00000)
  object space 287232K, 7% used [0x00000006c6c00000,0x00000006c822e570,0x00000006d8480000)
 Metaspace       used 56248K, capacity 59462K, committed 59648K, reserved 1099776K
  class space    used 7821K, capacity 8364K, committed 8448K, reserved 1048576K
Event: 335,197 GC heap after
Heap after GC invocations=11 (full 3):
 PSYoungGen      total 308736K, used 481K [0x000000076cf00000, 0x0000000782180000, 0x00000007c0000000)
  eden space 289280K, 0% used [0x000000076cf00000,0x000000076cf00000,0x000000077e980000)
  from space 19456K, 2% used [0x000000077fd80000,0x000000077fdf87c8,0x0000000781080000)
  to   space 20480K, 0% used [0x000000077e980000,0x000000077e980000,0x000000077fd80000)
 ParOldGen       total 287232K, used 22713K [0x00000006c6c00000, 0x00000006d8480000, 0x000000076cf00000)
  object space 287232K, 7% used [0x00000006c6c00000,0x00000006c822e570,0x00000006d8480000)
 Metaspace       used 56248K, capacity 59462K, committed 59648K, reserved 1099776K
  class space    used 7821K, capacity 8364K, committed 8448K, reserved 1048576K
}
Event: 335,197 GC heap before
{Heap before GC invocations=12 (full 4):
 PSYoungGen      total 308736K, used 481K [0x000000076cf00000, 0x0000000782180000, 0x00000007c0000000)
  eden space 289280K, 0% used [0x000000076cf00000,0x000000076cf00000,0x000000077e980000)
  from space 19456K, 2% used [0x000000077fd80000,0x000000077fdf87c8,0x0000000781080000)
  to   space 20480K, 0% used [0x000000077e980000,0x000000077e980000,0x000000077fd80000)
 ParOldGen       total 287232K, used 22713K [0x00000006c6c00000, 0x00000006d8480000, 0x000000076cf00000)
  object space 287232K, 7% used [0x00000006c6c00000,0x00000006c822e570,0x00000006d8480000)
 Metaspace       used 56248K, capacity 59462K, committed 59648K, reserved 1099776K
  class space    used 7821K, capacity 8364K, committed 8448K, reserved 1048576K
Event: 335,414 GC heap after
Heap after GC invocations=12 (full 4):
 PSYoungGen      total 308736K, used 0K [0x000000076cf00000, 0x0000000782180000, 0x00000007c0000000)
  eden space 289280K, 0% used [0x000000076cf00000,0x000000076cf00000,0x000000077e980000)
  from space 19456K, 0% used [0x000000077fd80000,0x000000077fd80000,0x0000000781080000)
  to   space 20480K, 0% used [0x000000077e980000,0x000000077e980000,0x000000077fd80000)
 ParOldGen       total 287232K, used 18164K [0x00000006c6c00000, 0x00000006d8480000, 0x000000076cf00000)
  object space 287232K, 6% used [0x00000006c6c00000,0x00000006c7dbd268,0x00000006d8480000)
 Metaspace       used 56248K, capacity 59462K, committed 59648K, reserved 1099776K
  class space    used 7821K, capacity 8364K, committed 8448K, reserved 1048576K
}

